14:07:34.191 [main] INFO  - Goto my account-->Click on Login.. 
14:07:34.883 [main] INFO  - Entering email and password.. 
14:07:35.559 [main] INFO  - clicked on login button...
15:21:51.876 [main] INFO  - Goto my account-->Click on Login.. 
15:21:53.135 [main] INFO  - Entering email and password.. 
15:21:54.620 [main] INFO  - clicked on login button...
15:32:55.009 [main] INFO  - Goto my account-->Click on Login.. 
15:32:55.760 [main] INFO  - Entering email and password.. 
15:32:56.517 [main] INFO  - clicked on login button...
15:44:58.490 [main] INFO  - Goto my account-->Click on Login.. 
15:44:59.375 [main] INFO  - Entering email and password.. 
15:45:00.720 [main] INFO  - clicked on login button...
11:24:02.941 [pool-3-thread-1] INFO  - Goto my account-->Click on Login.. 
11:24:03.761 [pool-3-thread-1] INFO  - Entering email and password.. 
11:24:06.101 [pool-3-thread-1] INFO  - clicked on login button...
11:25:07.956 [main] INFO  - Goto my account-->Click on Login.. 
11:25:08.604 [main] INFO  - Entering email and password.. 
11:25:09.732 [main] INFO  - clicked on login button...
11:27:34.728 [main] INFO  - Goto my account-->Click on Login.. 
11:27:35.361 [main] INFO  - Entering email and password.. 
11:27:36.283 [main] INFO  - clicked on login button...
11:28:39.062 [pool-3-thread-1] INFO  - Goto my account-->Click on Login.. 
11:28:39.709 [pool-3-thread-1] INFO  - Entering email and password.. 
11:28:41.527 [pool-3-thread-1] INFO  - clicked on login button...
11:30:58.762 [main] INFO  - Goto my account-->Click on Login.. 
11:30:59.506 [main] INFO  - Entering email and password.. 
11:31:00.817 [main] INFO  - clicked on login button...
11:32:42.541 [main] INFO  - Goto my account-->Click on Login.. 
11:32:46.118 [main] INFO  - Entering email and password.. 
11:32:47.244 [main] INFO  - clicked on login button...
11:34:08.134 [main] INFO  - Goto my account-->Click on Login.. 
11:34:08.801 [main] INFO  - Entering email and password.. 
11:34:10.471 [main] INFO  - clicked on login button...
11:45:34.561 [main] INFO  - Goto my account-->Click on Login.. 
11:45:35.241 [main] INFO  - Entering email and password.. 
11:45:36.544 [main] INFO  - clicked on login button...
11:48:32.063 [main] INFO  - Goto my account-->Click on Login.. 
11:48:32.749 [main] INFO  - Entering email and password.. 
11:48:34.206 [main] INFO  - clicked on login button...
12:19:09.362 [main] INFO  - Goto my account-->Click on Login.. 
12:19:10.371 [main] INFO  - Entering email and password.. 
12:19:11.738 [main] INFO  - clicked on login button...
12:24:14.670 [main] INFO  - Goto my account-->Click on Login.. 
12:24:15.551 [main] INFO  - Entering email and password.. 
12:24:16.857 [main] INFO  - clicked on login button...
12:25:59.705 [main] INFO  - Goto my account-->Click on Login.. 
12:26:00.443 [main] INFO  - Entering email and password.. 
12:26:01.724 [main] INFO  - clicked on login button...
12:40:21.946 [main] INFO  - Goto my account-->Click on Login.. 
12:40:22.616 [main] INFO  - Entering email and password.. 
12:40:24.212 [main] INFO  - clicked on login button...
12:48:13.135 [main] INFO  - Goto my account-->Click on Login.. 
12:48:14.187 [main] INFO  - Entering email and password.. 
12:48:15.338 [main] INFO  - clicked on login button...
07:20:02.541 [main] INFO  - Goto my account-->Click on Login.. 
07:20:03.687 [main] INFO  - Entering email and password.. 
07:20:04.885 [main] INFO  - clicked on login button...
07:26:07.255 [main] INFO  - Goto my account-->Click on Login.. 
07:26:08.073 [main] INFO  - Entering email and password.. 
07:26:08.937 [main] INFO  - clicked on login button...
07:27:45.855 [main] INFO  - Goto my account-->Click on Login.. 
07:27:46.685 [main] INFO  - Entering email and password.. 
07:27:47.506 [main] INFO  - clicked on login button...
07:42:18.774 [main] INFO  - Goto my account-->Click on Login.. 
07:42:19.621 [main] INFO  - Entering email and password.. 
07:42:20.495 [main] INFO  - clicked on login button...
07:44:30.850 [main] INFO  - Goto my account-->Click on Login.. 
07:44:31.695 [main] INFO  - Entering email and password.. 
07:44:32.578 [main] INFO  - clicked on login button...
07:46:04.249 [main] INFO  - Goto my account-->Click on Login.. 
07:46:05.043 [main] INFO  - Entering email and password.. 
07:46:05.916 [main] INFO  - clicked on login button...
07:52:55.919 [main] INFO  - Goto my account-->Click on Login.. 
07:52:56.718 [main] INFO  - Entering email and password.. 
07:52:57.593 [main] INFO  - clicked on login button...
12:12:14.015 [main] INFO  - Goto my account-->Click on Login.. 
12:12:14.473 [main] INFO  - Entering email and password.. 
12:12:15.066 [main] INFO  - clicked on login button...
07:49:50.126 [main] INFO  - Goto my account-->Click on Login.. 
07:49:50.592 [main] INFO  - Entering email and password.. 
07:49:51.510 [main] INFO  - clicked on login button...
07:52:24.325 [main] INFO  - Goto my account-->Click on Login.. 
07:52:26.363 [main] INFO  - Entering email and password.. 
07:52:27.141 [main] INFO  - clicked on login button...
07:55:15.024 [main] INFO  - Goto my account-->Click on Login.. 
07:55:16.667 [main] INFO  - Entering email and password.. 
07:55:17.542 [main] INFO  - clicked on login button...
07:56:54.331 [main] INFO  - Goto my account-->Click on Login.. 
07:56:54.975 [main] INFO  - Entering email and password.. 
07:56:55.807 [main] INFO  - clicked on login button...
07:58:09.434 [main] INFO  - Goto my account-->Click on Login.. 
07:58:10.007 [main] INFO  - Entering email and password.. 
07:58:11.206 [main] INFO  - clicked on login button...
08:14:07.843 [main] INFO  - Goto my account-->Click on Login.. 
08:14:09.868 [main] INFO  - Entering email and password.. 
08:14:10.619 [main] INFO  - clicked on login button...
07:29:51.867 [main] INFO  - Goto my account-->Click on Login.. 
07:29:52.342 [main] INFO  - Entering email and password.. 
07:29:53.980 [main] INFO  - clicked on login button...
07:32:19.531 [main] INFO  - Goto my account-->Click on Login.. 
07:32:19.893 [main] INFO  - Entering email and password.. 
07:32:20.859 [main] INFO  - clicked on login button...
07:34:12.195 [main] INFO  - Goto my account-->Click on Login.. 
07:34:12.525 [main] INFO  - Entering email and password.. 
07:34:13.173 [main] INFO  - clicked on login button...
07:38:54.465 [main] INFO  - Goto my account-->Click on Login.. 
07:38:54.828 [main] INFO  - Entering email and password.. 
07:38:55.910 [main] INFO  - clicked on login button...
07:39:35.759 [main] INFO  - Goto my account-->Click on Login.. 
07:39:36.147 [main] INFO  - Entering email and password.. 
07:39:36.937 [main] INFO  - clicked on login button...
07:40:07.263 [main] INFO  - Goto my account-->Click on Login.. 
07:40:07.625 [main] INFO  - Entering email and password.. 
07:40:08.544 [main] INFO  - clicked on login button...
08:00:30.868 [main] INFO  - Goto my account-->Click on Login.. 
08:00:31.326 [main] INFO  - Entering email and password.. 
08:00:32.567 [main] INFO  - clicked on login button...
09:43:46.371 [main] INFO  - Goto my account-->Click on Login.. 
09:43:47.083 [main] INFO  - Entering email and password.. 
09:43:48.011 [main] INFO  - clicked on login button...
10:02:55.161 [main] INFO  - Goto my account-->Click on Login.. 
10:02:55.459 [main] INFO  - Entering email and password.. 
10:02:56.104 [main] INFO  - clicked on login button...
10:02:57.957 [main] INFO  - Goto my account-->Click on Login.. 
10:02:58.549 [main] INFO  - Entering email and password.. 
10:02:59.191 [main] INFO  - clicked on login button...
10:57:36.665 [main] INFO  - Goto my account-->Click on Login.. 
10:57:39.270 [main] INFO  - Goto my account-->Click on Login.. 
10:57:42.015 [main] INFO  - Goto my account-->Click on Login.. 
10:58:41.180 [main] INFO  - Goto my account-->Click on Login.. 
10:58:44.428 [main] INFO  - Goto my account-->Click on Login.. 
10:58:47.495 [main] INFO  - Goto my account-->Click on Login.. 
10:59:20.730 [main] INFO  - Goto my account-->Click on Login.. 
10:59:23.155 [main] INFO  - Goto my account-->Click on Login.. 
10:59:25.976 [main] INFO  - Goto my account-->Click on Login.. 
11:00:49.469 [main] INFO  - Goto my account-->Click on Login.. 
11:00:49.996 [main] DEBUG - Parsing relationship: /xl/_rels/workbook.xml.rels
11:00:49.999 [main] DEBUG - Parsing relationship: /xl/worksheets/_rels/sheet1.xml.rels
11:00:50.002 [main] DEBUG - Parsing relationship: /_rels/.rels
11:00:50.171 [main] TRACE - Loading type system org.apache.poi.schemas.ooxml.system.ooxml
11:00:50.174 [main] TRACE - Loading type system org.apache.xmlbeans.metadata.system.sXMLCONFIG
11:00:50.174 [main] TRACE - Loading type system org.apache.xmlbeans.metadata.system.sXMLLANG
11:00:50.174 [main] TRACE - Loading type system org.apache.xmlbeans.metadata.system.sXMLSCHEMA
11:00:50.174 [main] TRACE - Loading type system org.apache.xmlbeans.metadata.system.sXMLTOOLS
11:00:50.175 [main] TRACE - Reading unresolved handles for type system org.apache.xmlbeans.metadata.system.sXMLTOOLS
11:00:50.186 [main] TRACE - Finished loading type system org.apache.xmlbeans.metadata.system.sXMLTOOLS
11:00:50.187 [main] TRACE - Reading unresolved handles for type system org.apache.xmlbeans.metadata.system.sXMLSCHEMA
11:00:50.191 [main] TRACE - Finished loading type system org.apache.xmlbeans.metadata.system.sXMLSCHEMA
11:00:50.192 [main] TRACE - Reading unresolved handles for type system org.apache.xmlbeans.metadata.system.sXMLLANG
11:00:50.193 [main] TRACE - Finished loading type system org.apache.xmlbeans.metadata.system.sXMLLANG
11:00:50.195 [main] TRACE - Reading unresolved handles for type system org.apache.xmlbeans.metadata.system.sXMLCONFIG
11:00:50.195 [main] TRACE - Finished loading type system org.apache.xmlbeans.metadata.system.sXMLCONFIG
11:00:50.197 [main] TRACE - Reading unresolved handles for type system org.apache.poi.schemas.ooxml.system.ooxml
11:00:50.238 [main] TRACE - Finished loading type system org.apache.poi.schemas.ooxml.system.ooxml
11:00:50.239 [main] TRACE - Resolving type for handle themefd26doctype
11:00:50.286 [main] TRACE - Resolving type for handle stylesheet5d8bdoctype
11:00:50.291 [main] TRACE - Resolving type for handle ctstylesheet4257type
11:00:50.295 [main] TRACE - Resolving type for handle ctfonts6623type
11:00:50.299 [main] TRACE - Resolving type for handle ctfont14d8type
11:00:50.302 [main] TRACE - Resolving type for handle ctfills2c6ftype
11:00:50.304 [main] TRACE - Resolving type for handle ctfill550ctype
11:00:50.305 [main] TRACE - Resolving type for handle ctborders0d66type
11:00:50.307 [main] TRACE - Resolving type for handle ctborderf935type
11:00:50.310 [main] TRACE - Resolving type for handle ctcellxfs1322type
11:00:50.314 [main] TRACE - Resolving type for handle ctxf97f7type
11:00:50.316 [main] TRACE - Resolving type for handle ctcellstylexfsa81ftype
11:00:50.318 [main] TRACE - Resolving type for handle ctdxfsb26atype
11:00:50.320 [main] TRACE - Resolving type for handle cttablestyles872ftype
11:00:50.323 [main] TRACE - Resolving type for handle sstf81fdoctype
11:00:50.327 [main] TRACE - Resolving type for handle ctsst44f3type
11:00:50.335 [main] TRACE - Resolving type for handle ctrsta472type
11:00:50.364 [main] DEBUG - using default POIXMLDocumentPart for http://schemas.openxmlformats.org/officeDocument/2006/relationships/printerSettings
11:00:50.371 [main] TRACE - Resolving type for handle workbookec17doctype
11:00:50.376 [main] TRACE - Resolving type for handle ctworkbook83c3type
11:00:50.380 [main] TRACE - Resolving type for handle ctsheets49fdtype
11:00:50.383 [main] TRACE - Resolving type for handle ctsheet4dbetype
11:00:50.385 [main] TRACE - Resolving type for handle strelationshipid1e94type
11:00:50.387 [main] TRACE - Resolving type for handle worksheetf539doctype
11:00:50.391 [main] TRACE - Resolving type for handle ctworksheet530dtype
11:00:50.396 [main] TRACE - Resolving type for handle ctsheetdata8408type
11:00:50.399 [main] TRACE - Resolving type for handle ctrowdd39type
11:00:50.402 [main] TRACE - Resolving type for handle ctcell842btype
11:00:50.407 [main] TRACE - Resolving type for handle stcellrefe4e0type
11:00:50.416 [main] TRACE - Resolving type for handle ctcols627ctype
11:00:50.420 [main] TRACE - Resolving type for handle ctcola95ftype
11:00:50.433 [main] TRACE - Resolving type for handle cthyperlinks6416type
11:00:50.434 [main] TRACE - Resolving type for handle cthyperlink0c85type
11:00:50.440 [main] TRACE - Resolving type for handle stxstringf179type
11:00:50.442 [main] TRACE - Resolving type for handle stcelltypebf95type
11:00:53.530 [main] INFO  - Goto my account-->Click on Login.. 
11:00:54.166 [main] DEBUG - Parsing relationship: /xl/_rels/workbook.xml.rels
11:00:54.167 [main] DEBUG - Parsing relationship: /xl/worksheets/_rels/sheet1.xml.rels
11:00:54.169 [main] DEBUG - Parsing relationship: /_rels/.rels
11:00:54.187 [main] DEBUG - using default POIXMLDocumentPart for http://schemas.openxmlformats.org/officeDocument/2006/relationships/printerSettings
11:00:57.391 [main] INFO  - Goto my account-->Click on Login.. 
11:00:58.038 [main] DEBUG - Parsing relationship: /xl/_rels/workbook.xml.rels
11:00:58.040 [main] DEBUG - Parsing relationship: /xl/worksheets/_rels/sheet1.xml.rels
11:00:58.042 [main] DEBUG - Parsing relationship: /_rels/.rels
11:00:58.065 [main] DEBUG - using default POIXMLDocumentPart for http://schemas.openxmlformats.org/officeDocument/2006/relationships/printerSettings
11:01:52.049 [main] INFO  - Goto my account-->Click on Login.. 
11:01:52.570 [main] DEBUG - Parsing relationship: /xl/_rels/workbook.xml.rels
11:01:52.572 [main] DEBUG - Parsing relationship: /xl/worksheets/_rels/sheet1.xml.rels
11:01:52.575 [main] DEBUG - Parsing relationship: /_rels/.rels
11:01:52.692 [main] TRACE - Loading type system org.apache.poi.schemas.ooxml.system.ooxml
11:01:52.699 [main] TRACE - Loading type system org.apache.xmlbeans.metadata.system.sXMLCONFIG
11:01:52.699 [main] TRACE - Loading type system org.apache.xmlbeans.metadata.system.sXMLLANG
11:01:52.700 [main] TRACE - Loading type system org.apache.xmlbeans.metadata.system.sXMLSCHEMA
11:01:52.700 [main] TRACE - Loading type system org.apache.xmlbeans.metadata.system.sXMLTOOLS
11:01:52.701 [main] TRACE - Reading unresolved handles for type system org.apache.xmlbeans.metadata.system.sXMLTOOLS
11:01:52.709 [main] TRACE - Finished loading type system org.apache.xmlbeans.metadata.system.sXMLTOOLS
11:01:52.710 [main] TRACE - Reading unresolved handles for type system org.apache.xmlbeans.metadata.system.sXMLSCHEMA
11:01:52.713 [main] TRACE - Finished loading type system org.apache.xmlbeans.metadata.system.sXMLSCHEMA
11:01:52.714 [main] TRACE - Reading unresolved handles for type system org.apache.xmlbeans.metadata.system.sXMLLANG
11:01:52.715 [main] TRACE - Finished loading type system org.apache.xmlbeans.metadata.system.sXMLLANG
11:01:52.715 [main] TRACE - Reading unresolved handles for type system org.apache.xmlbeans.metadata.system.sXMLCONFIG
11:01:52.716 [main] TRACE - Finished loading type system org.apache.xmlbeans.metadata.system.sXMLCONFIG
11:01:52.716 [main] TRACE - Reading unresolved handles for type system org.apache.poi.schemas.ooxml.system.ooxml
11:01:52.755 [main] TRACE - Finished loading type system org.apache.poi.schemas.ooxml.system.ooxml
11:01:52.756 [main] TRACE - Resolving type for handle themefd26doctype
11:01:52.805 [main] TRACE - Resolving type for handle stylesheet5d8bdoctype
11:01:52.809 [main] TRACE - Resolving type for handle ctstylesheet4257type
11:01:52.814 [main] TRACE - Resolving type for handle ctfonts6623type
11:01:52.816 [main] TRACE - Resolving type for handle ctfont14d8type
11:01:52.820 [main] TRACE - Resolving type for handle ctfills2c6ftype
11:01:52.821 [main] TRACE - Resolving type for handle ctfill550ctype
11:01:52.822 [main] TRACE - Resolving type for handle ctborders0d66type
11:01:52.823 [main] TRACE - Resolving type for handle ctborderf935type
11:01:52.826 [main] TRACE - Resolving type for handle ctcellxfs1322type
11:01:52.829 [main] TRACE - Resolving type for handle ctxf97f7type
11:01:52.832 [main] TRACE - Resolving type for handle ctcellstylexfsa81ftype
11:01:52.835 [main] TRACE - Resolving type for handle ctdxfsb26atype
11:01:52.836 [main] TRACE - Resolving type for handle cttablestyles872ftype
11:01:52.838 [main] TRACE - Resolving type for handle sstf81fdoctype
11:01:52.841 [main] TRACE - Resolving type for handle ctsst44f3type
11:01:52.849 [main] TRACE - Resolving type for handle ctrsta472type
11:01:52.866 [main] DEBUG - using default POIXMLDocumentPart for http://schemas.openxmlformats.org/officeDocument/2006/relationships/printerSettings
11:01:52.867 [main] TRACE - Resolving type for handle workbookec17doctype
11:01:52.875 [main] TRACE - Resolving type for handle ctworkbook83c3type
11:01:52.880 [main] TRACE - Resolving type for handle ctsheets49fdtype
11:01:52.882 [main] TRACE - Resolving type for handle ctsheet4dbetype
11:01:52.883 [main] TRACE - Resolving type for handle strelationshipid1e94type
11:01:52.885 [main] TRACE - Resolving type for handle worksheetf539doctype
11:01:52.890 [main] TRACE - Resolving type for handle ctworksheet530dtype
11:01:52.895 [main] TRACE - Resolving type for handle ctsheetdata8408type
11:01:52.897 [main] TRACE - Resolving type for handle ctrowdd39type
11:01:52.901 [main] TRACE - Resolving type for handle ctcell842btype
11:01:52.906 [main] TRACE - Resolving type for handle stcellrefe4e0type
11:01:52.912 [main] TRACE - Resolving type for handle ctcols627ctype
11:01:52.916 [main] TRACE - Resolving type for handle ctcola95ftype
11:01:52.928 [main] TRACE - Resolving type for handle cthyperlinks6416type
11:01:52.930 [main] TRACE - Resolving type for handle cthyperlink0c85type
11:01:52.934 [main] TRACE - Resolving type for handle stxstringf179type
11:01:52.935 [main] TRACE - Resolving type for handle stcelltypebf95type
11:01:56.032 [main] INFO  - Goto my account-->Click on Login.. 
11:01:56.670 [main] DEBUG - Parsing relationship: /xl/_rels/workbook.xml.rels
11:01:56.672 [main] DEBUG - Parsing relationship: /xl/worksheets/_rels/sheet1.xml.rels
11:01:56.673 [main] DEBUG - Parsing relationship: /_rels/.rels
11:01:56.691 [main] DEBUG - using default POIXMLDocumentPart for http://schemas.openxmlformats.org/officeDocument/2006/relationships/printerSettings
11:01:59.832 [main] INFO  - Goto my account-->Click on Login.. 
11:02:00.518 [main] DEBUG - Parsing relationship: /xl/_rels/workbook.xml.rels
11:02:00.519 [main] DEBUG - Parsing relationship: /xl/worksheets/_rels/sheet1.xml.rels
11:02:00.521 [main] DEBUG - Parsing relationship: /_rels/.rels
11:02:00.536 [main] DEBUG - using default POIXMLDocumentPart for http://schemas.openxmlformats.org/officeDocument/2006/relationships/printerSettings
11:02:03.690 [main] INFO  - Goto my account-->Click on Login.. 
11:02:04.517 [main] DEBUG - Parsing relationship: /xl/_rels/workbook.xml.rels
11:02:04.520 [main] DEBUG - Parsing relationship: /xl/worksheets/_rels/sheet1.xml.rels
11:02:04.523 [main] DEBUG - Parsing relationship: /_rels/.rels
11:02:04.542 [main] DEBUG - using default POIXMLDocumentPart for http://schemas.openxmlformats.org/officeDocument/2006/relationships/printerSettings
11:02:17.246 [main] INFO  - Goto my account-->Click on Login.. 
11:02:18.080 [main] DEBUG - Parsing relationship: /xl/_rels/workbook.xml.rels
11:02:18.080 [main] DEBUG - Parsing relationship: /xl/worksheets/_rels/sheet1.xml.rels
11:02:18.086 [main] DEBUG - Parsing relationship: /_rels/.rels
11:02:18.105 [main] DEBUG - using default POIXMLDocumentPart for http://schemas.openxmlformats.org/officeDocument/2006/relationships/printerSettings
08:03:18.135 [main] INFO  - Goto my account-->Click on Login.. 
08:03:18.479 [main] INFO  - Entering email and password.. 
08:03:19.267 [main] INFO  - clicked on login button...
08:04:26.786 [main] INFO  - Goto my account-->Click on Login.. 
08:04:28.583 [main] INFO  - Entering email and password.. 
08:04:29.855 [main] INFO  - clicked on login button...
08:27:17.289 [main] INFO  - Goto my account-->Click on Login.. 
08:27:17.685 [main] INFO  - Entering email and password.. 
08:27:18.553 [main] INFO  - clicked on login button...
08:30:06.733 [main] INFO  - Goto my account-->Click on Login.. 
08:30:07.067 [main] INFO  - Entering email and password.. 
08:30:07.873 [main] INFO  - clicked on login button...
08:31:57.885 [main] INFO  - Goto my account-->Click on Login.. 
08:31:58.343 [main] INFO  - Entering email and password.. 
08:31:59.072 [main] INFO  - clicked on login button...
08:36:37.541 [main] INFO  - Goto my account-->Click on Login.. 
08:36:37.954 [main] INFO  - Entering email and password.. 
08:36:38.666 [main] INFO  - clicked on login button...
08:39:34.845 [main] INFO  - Goto my account-->Click on Login.. 
08:39:35.406 [main] DEBUG - Parsing relationship: /xl/_rels/workbook.xml.rels
08:39:35.408 [main] DEBUG - Parsing relationship: /xl/worksheets/_rels/sheet1.xml.rels
08:39:35.410 [main] DEBUG - Parsing relationship: /_rels/.rels
08:39:35.635 [main] TRACE - Loading type system org.apache.poi.schemas.ooxml.system.ooxml
08:39:35.637 [main] TRACE - Loading type system org.apache.xmlbeans.metadata.system.sXMLCONFIG
08:39:35.638 [main] TRACE - Loading type system org.apache.xmlbeans.metadata.system.sXMLLANG
08:39:35.638 [main] TRACE - Loading type system org.apache.xmlbeans.metadata.system.sXMLSCHEMA
08:39:35.638 [main] TRACE - Loading type system org.apache.xmlbeans.metadata.system.sXMLTOOLS
08:39:35.639 [main] TRACE - Reading unresolved handles for type system org.apache.xmlbeans.metadata.system.sXMLTOOLS
08:39:35.647 [main] TRACE - Finished loading type system org.apache.xmlbeans.metadata.system.sXMLTOOLS
08:39:35.648 [main] TRACE - Reading unresolved handles for type system org.apache.xmlbeans.metadata.system.sXMLSCHEMA
08:39:35.653 [main] TRACE - Finished loading type system org.apache.xmlbeans.metadata.system.sXMLSCHEMA
08:39:35.654 [main] TRACE - Reading unresolved handles for type system org.apache.xmlbeans.metadata.system.sXMLLANG
08:39:35.655 [main] TRACE - Finished loading type system org.apache.xmlbeans.metadata.system.sXMLLANG
08:39:35.655 [main] TRACE - Reading unresolved handles for type system org.apache.xmlbeans.metadata.system.sXMLCONFIG
08:39:35.656 [main] TRACE - Finished loading type system org.apache.xmlbeans.metadata.system.sXMLCONFIG
08:39:35.656 [main] TRACE - Reading unresolved handles for type system org.apache.poi.schemas.ooxml.system.ooxml
08:39:35.726 [main] TRACE - Finished loading type system org.apache.poi.schemas.ooxml.system.ooxml
08:39:35.727 [main] TRACE - Resolving type for handle themefd26doctype
08:39:35.790 [main] TRACE - Resolving type for handle stylesheet5d8bdoctype
08:39:35.802 [main] TRACE - Resolving type for handle ctstylesheet4257type
08:39:35.808 [main] TRACE - Resolving type for handle ctfonts6623type
08:39:35.810 [main] TRACE - Resolving type for handle ctfont14d8type
08:39:35.815 [main] TRACE - Resolving type for handle ctfills2c6ftype
08:39:35.818 [main] TRACE - Resolving type for handle ctfill550ctype
08:39:35.819 [main] TRACE - Resolving type for handle ctborders0d66type
08:39:35.823 [main] TRACE - Resolving type for handle ctborderf935type
08:39:35.826 [main] TRACE - Resolving type for handle ctcellxfs1322type
08:39:35.828 [main] TRACE - Resolving type for handle ctxf97f7type
08:39:35.831 [main] TRACE - Resolving type for handle ctcellstylexfsa81ftype
08:39:35.833 [main] TRACE - Resolving type for handle ctdxfsb26atype
08:39:35.837 [main] TRACE - Resolving type for handle cttablestyles872ftype
08:39:35.840 [main] TRACE - Resolving type for handle sstf81fdoctype
08:39:35.843 [main] TRACE - Resolving type for handle ctsst44f3type
08:39:35.853 [main] TRACE - Resolving type for handle ctrsta472type
08:39:35.872 [main] DEBUG - using default POIXMLDocumentPart for http://schemas.openxmlformats.org/officeDocument/2006/relationships/printerSettings
08:39:35.873 [main] TRACE - Resolving type for handle workbookec17doctype
08:39:35.876 [main] TRACE - Resolving type for handle ctworkbook83c3type
08:39:35.879 [main] TRACE - Resolving type for handle ctsheets49fdtype
08:39:35.881 [main] TRACE - Resolving type for handle ctsheet4dbetype
08:39:35.883 [main] TRACE - Resolving type for handle strelationshipid1e94type
08:39:35.886 [main] TRACE - Resolving type for handle worksheetf539doctype
08:39:35.890 [main] TRACE - Resolving type for handle ctworksheet530dtype
08:39:35.895 [main] TRACE - Resolving type for handle ctsheetdata8408type
08:39:35.898 [main] TRACE - Resolving type for handle ctrowdd39type
08:39:35.904 [main] TRACE - Resolving type for handle ctcell842btype
08:39:35.910 [main] TRACE - Resolving type for handle stcellrefe4e0type
08:39:35.919 [main] TRACE - Resolving type for handle ctcols627ctype
08:39:35.923 [main] TRACE - Resolving type for handle ctcola95ftype
08:39:35.936 [main] TRACE - Resolving type for handle cthyperlinks6416type
08:39:35.941 [main] TRACE - Resolving type for handle cthyperlink0c85type
08:39:35.947 [main] TRACE - Resolving type for handle stxstringf179type
08:39:35.950 [main] TRACE - Resolving type for handle stcelltypebf95type
08:39:39.223 [main] INFO  - Goto my account-->Click on Login.. 
08:39:40.140 [main] DEBUG - Parsing relationship: /xl/_rels/workbook.xml.rels
08:39:40.142 [main] DEBUG - Parsing relationship: /xl/worksheets/_rels/sheet1.xml.rels
08:39:40.143 [main] DEBUG - Parsing relationship: /_rels/.rels
08:39:40.159 [main] DEBUG - using default POIXMLDocumentPart for http://schemas.openxmlformats.org/officeDocument/2006/relationships/printerSettings
08:39:44.390 [main] INFO  - Goto my account-->Click on Login.. 
08:39:44.779 [main] DEBUG - Parsing relationship: /xl/_rels/workbook.xml.rels
08:39:44.785 [main] DEBUG - Parsing relationship: /xl/worksheets/_rels/sheet1.xml.rels
08:39:44.787 [main] DEBUG - Parsing relationship: /_rels/.rels
08:39:44.804 [main] DEBUG - using default POIXMLDocumentPart for http://schemas.openxmlformats.org/officeDocument/2006/relationships/printerSettings
08:39:47.988 [main] INFO  - Goto my account-->Click on Login.. 
08:39:48.297 [main] DEBUG - Parsing relationship: /xl/_rels/workbook.xml.rels
08:39:48.298 [main] DEBUG - Parsing relationship: /xl/worksheets/_rels/sheet1.xml.rels
08:39:48.299 [main] DEBUG - Parsing relationship: /_rels/.rels
08:39:48.317 [main] DEBUG - using default POIXMLDocumentPart for http://schemas.openxmlformats.org/officeDocument/2006/relationships/printerSettings
08:40:00.958 [main] INFO  - Goto my account-->Click on Login.. 
08:40:01.819 [main] DEBUG - Parsing relationship: /xl/_rels/workbook.xml.rels
08:40:01.822 [main] DEBUG - Parsing relationship: /xl/worksheets/_rels/sheet1.xml.rels
08:40:01.825 [main] DEBUG - Parsing relationship: /_rels/.rels
08:40:01.841 [main] DEBUG - using default POIXMLDocumentPart for http://schemas.openxmlformats.org/officeDocument/2006/relationships/printerSettings
08:40:40.551 [main] INFO  - Goto my account-->Click on Login.. 
08:40:40.938 [main] INFO  - Entering email and password.. 
08:40:41.705 [main] INFO  - clicked on login button...
09:55:55.277 [main] INFO  - Goto my account-->Click on Login.. 
09:55:55.627 [main] INFO  - Entering email and password.. 
09:55:56.609 [main] INFO  - clicked on login button...
09:56:34.099 [main] INFO  - Goto my account-->Click on Login.. 
09:56:34.504 [main] INFO  - Entering email and password.. 
09:56:35.505 [main] INFO  - clicked on login button...
09:58:28.793 [main] INFO  - Goto my account-->Click on Login.. 
09:58:29.105 [main] INFO  - Entering email and password.. 
09:58:29.743 [main] INFO  - clicked on login button...
09:59:47.237 [main] INFO  - Goto my account-->Click on Login.. 
09:59:47.577 [main] INFO  - Entering email and password.. 
09:59:48.315 [main] INFO  - clicked on login button...
10:00:11.744 [main] INFO  - Goto my account-->Click on Login.. 
10:00:12.072 [main] INFO  - Entering email and password.. 
10:00:12.798 [main] INFO  - clicked on login button...
10:02:46.294 [main] INFO  - Goto my account-->Click on Login.. 
10:02:46.580 [main] INFO  - Entering email and password.. 
10:02:47.224 [main] INFO  - clicked on login button...
10:03:21.389 [main] INFO  - Goto my account-->Click on Login.. 
10:03:21.914 [main] INFO  - Entering email and password.. 
10:03:22.765 [main] INFO  - clicked on login button...
